<?xml version="1.0" encoding="UTF-8"?>
<testng-results ignored="0" total="1" passed="1" failed="0" skipped="0">
  <reporter-output>
  </reporter-output>
  <suite started-at="2024-03-11T00:36:13 IST" name="Default suite" finished-at="2024-03-11T00:36:25 IST" duration-ms="11937">
    <groups>
    </groups>
    <test started-at="2024-03-11T00:36:13 IST" name="Default test" finished-at="2024-03-11T00:36:25 IST" duration-ms="11937">
      <class name="com.scenarios.DemoScene5">
        <test-method is-config="true" signature="OpenApplication()[pri:0, instance:com.scenarios.DemoScene5@6892b3b6]" started-at="2024-03-11T00:36:13 IST" name="OpenApplication" finished-at="2024-03-11T00:36:21 IST" duration-ms="8104" status="PASS">
          <reporter-output>
          </reporter-output>
        </test-method> <!-- OpenApplication -->
        <test-method signature="TestStart()[pri:0, instance:com.scenarios.DemoScene5@6892b3b6]" started-at="2024-03-11T00:36:21 IST" name="TestStart" finished-at="2024-03-11T00:36:24 IST" duration-ms="3317" status="PASS">
          <reporter-output>
          </reporter-output>
        </test-method> <!-- TestStart -->
        <test-method is-config="true" signature="CloseApplication()[pri:0, instance:com.scenarios.DemoScene5@6892b3b6]" started-at="2024-03-11T00:36:24 IST" name="CloseApplication" finished-at="2024-03-11T00:36:25 IST" duration-ms="460" status="PASS">
          <reporter-output>
          </reporter-output>
        </test-method> <!-- CloseApplication -->
      </class> <!-- com.scenarios.DemoScene5 -->
    </test> <!-- Default test -->
  </suite> <!-- Default suite -->
</testng-results>
