<?xml version="1.0" encoding="UTF-8"?>
<testng-results ignored="0" total="1" passed="1" failed="0" skipped="0">
  <reporter-output>
  </reporter-output>
  <suite started-at="2024-03-28T11:15:08 IST" name="Default suite" finished-at="2024-03-28T11:15:30 IST" duration-ms="22010">
    <groups>
    </groups>
    <test started-at="2024-03-28T11:15:08 IST" name="Default test" finished-at="2024-03-28T11:15:30 IST" duration-ms="22010">
      <class name="com.scenarios.DemoScene5">
        <test-method is-config="true" signature="openApplication()[pri:0, instance:com.scenarios.DemoScene5@2e8c1c9b]" started-at="2024-03-28T11:15:08 IST" name="openApplication" finished-at="2024-03-28T11:15:25 IST" duration-ms="16520" status="PASS">
          <reporter-output>
          </reporter-output>
        </test-method> <!-- openApplication -->
        <test-method signature="jsonCredential()[pri:0, instance:com.scenarios.DemoScene5@2e8c1c9b]" started-at="2024-03-28T11:15:25 IST" name="jsonCredential" finished-at="2024-03-28T11:15:29 IST" duration-ms="4282" status="PASS">
          <reporter-output>
          </reporter-output>
        </test-method> <!-- jsonCredential -->
        <test-method is-config="true" signature="CloseApplication()[pri:0, instance:com.scenarios.DemoScene5@2e8c1c9b]" started-at="2024-03-28T11:15:29 IST" name="CloseApplication" finished-at="2024-03-28T11:15:30 IST" duration-ms="1121" status="PASS">
          <reporter-output>
          </reporter-output>
        </test-method> <!-- CloseApplication -->
      </class> <!-- com.scenarios.DemoScene5 -->
    </test> <!-- Default test -->
  </suite> <!-- Default suite -->
</testng-results>
